<?xml version="1.0" encoding="UTF-8"?>
<!-- Generated by org.testng.reporters.JUnitReportReporter -->
<testsuite hostname="L-INE-DP17XR2" failures="0" tests="1" name="com.runner.RunnerClass$CucumberRunnerTests" time="22.108" errors="0" timestamp="2023-09-22T23:20:50 IST" skipped="0">
  <testcase classname="com.runner.RunnerClass$CucumberRunnerTests" name="runScenario" time="22.108"/>
</testsuite> <!-- com.runner.RunnerClass$CucumberRunnerTests -->
